<?xml version="1.0" encoding="UTF-8"?>
<testsuite xmlns:xsi="http://www.w3.org/2001/XMLSchema-instance" xsi:noNamespaceSchemaLocation="https://maven.apache.org/surefire/maven-surefire-plugin/xsd/surefire-test-report.xsd" version="3.0.2" name="com.example.demo.NearbyQueryIntegrationTest" time="47.636" tests="1" errors="0" skipped="0" failures="0">
  <properties>
[...]
</properties>
  <testcase name="contextLoads" classname="com.example.demo.NearbyQueryIntegrationTest" time="0.78">
    <system-out><![CDATA[19:00:17.567 [main] INFO org.testcontainers.images.PullPolicy -- Image pull policy will be performed by: DefaultPullPolicy()
19:00:17.573 [main] INFO org.testcontainers.utility.ImageNameSubstitutor -- Image name substitution will be performed by: DefaultImageNameSubstitutor (composite of 'ConfigurationFileImageNameSubstitutor' and 'PrefixingImageNameSubstitutor')
19:00:17.659 [main] INFO org.testcontainers.DockerClientFactory -- Testcontainers version: 2.0.3
19:00:18.511 [main] INFO org.testcontainers.dockerclient.DockerClientProviderStrategy -- Found Docker environment with local Npipe socket (npipe:////./pipe/docker_engine)
19:00:18.524 [main] INFO org.testcontainers.DockerClientFactory -- Docker host IP address is localhost
19:00:18.548 [main] INFO org.testcontainers.DockerClientFactory -- Connected to docker: 
  Server Version: 29.2.1
  API Version: 1.53
  Operating System: Docker Desktop
  Total Memory: 7906 MB
  Labels: 
    com.docker.desktop.address=npipe://\\.\pipe\docker_cli
19:00:18.635 [main] INFO tc.testcontainers/ryuk:0.13.0 -- Pulling docker image: testcontainers/ryuk:0.13.0. Please be patient; this may take some time but only needs to be done once.
19:00:18.930 [main] INFO org.testcontainers.utility.RegistryAuthLocator -- Credential helper/store (docker-credential-desktop) does not have credentials for https://index.docker.io/v1/
19:00:20.430 [docker-java-stream--792291873] INFO tc.testcontainers/ryuk:0.13.0 -- Starting to pull image
19:00:20.452 [docker-java-stream--792291873] INFO tc.testcontainers/ryuk:0.13.0 -- Pulling image layers:  0 pending,  0 downloaded,  0 extracted, (0 bytes/0 bytes)
19:00:22.361 [docker-java-stream--792291873] INFO tc.testcontainers/ryuk:0.13.0 -- Pulling image layers:  1 pending,  1 downloaded,  0 extracted, (211 KB/? MB)
19:00:22.465 [docker-java-stream--792291873] INFO tc.testcontainers/ryuk:0.13.0 -- Pulling image layers:  1 pending,  1 downloaded,  1 extracted, (211 KB/? MB)
19:00:23.061 [docker-java-stream--792291873] INFO tc.testcontainers/ryuk:0.13.0 -- Pulling image layers:  0 pending,  2 downloaded,  1 extracted, (5 MB/6 MB)
19:00:23.120 [docker-java-stream--792291873] INFO tc.testcontainers/ryuk:0.13.0 -- Pulling image layers:  0 pending,  2 downloaded,  2 extracted, (5 MB/6 MB)
19:00:23.123 [docker-java-stream--792291873] INFO tc.testcontainers/ryuk:0.13.0 -- Pull complete. 2 layers, pulled in 2s (downloaded 5 MB at 2 MB/s)
19:00:23.124 [main] INFO tc.testcontainers/ryuk:0.13.0 -- Image testcontainers/ryuk:0.13.0 pull took PT4.4883776S
19:00:23.210 [main] INFO tc.testcontainers/ryuk:0.13.0 -- Creating container for image: testcontainers/ryuk:0.13.0
19:00:23.420 [main] INFO tc.testcontainers/ryuk:0.13.0 -- Container testcontainers/ryuk:0.13.0 is starting: 846978872f65920cd129e5228c8a3e6939ed353a5b96358f1eede27c52078537
19:00:24.012 [main] INFO tc.testcontainers/ryuk:0.13.0 -- Container testcontainers/ryuk:0.13.0 started in PT0.8018979S
19:00:24.019 [main] INFO org.testcontainers.utility.RyukResourceReaper -- Ryuk started - will monitor and terminate Testcontainers containers on JVM exit
19:00:24.019 [main] INFO org.testcontainers.DockerClientFactory -- Checking the system...
19:00:24.020 [main] INFO org.testcontainers.DockerClientFactory -- ?? Docker server version should be at least 1.6.0
19:00:24.026 [main] INFO tc.mongo:6.0 -- Pulling docker image: mongo:6.0. Please be patient; this may take some time but only needs to be done once.
19:00:25.200 [docker-java-stream--393858685] INFO tc.mongo:6.0 -- Starting to pull image
19:00:25.201 [docker-java-stream--393858685] INFO tc.mongo:6.0 -- Pulling image layers:  0 pending,  0 downloaded,  0 extracted, (0 bytes/0 bytes)
19:00:26.436 [docker-java-stream--393858685] INFO tc.mongo:6.0 -- Pulling image layers:  8 pending,  1 downloaded,  0 extracted, (0 bytes/? MB)
19:00:27.236 [docker-java-stream--393858685] INFO tc.mongo:6.0 -- Pulling image layers:  7 pending,  2 downloaded,  0 extracted, (0 bytes/? MB)
19:00:27.237 [docker-java-stream--393858685] INFO tc.mongo:6.0 -- Pulling image layers:  6 pending,  3 downloaded,  0 extracted, (0 bytes/? MB)
19:00:27.335 [docker-java-stream--393858685] INFO tc.mongo:6.0 -- Pulling image layers:  5 pending,  4 downloaded,  0 extracted, (0 bytes/? MB)
19:00:27.336 [docker-java-stream--393858685] INFO tc.mongo:6.0 -- Pulling image layers:  4 pending,  5 downloaded,  0 extracted, (1 MB/? MB)
19:00:27.436 [docker-java-stream--393858685] INFO tc.mongo:6.0 -- Pulling image layers:  3 pending,  6 downloaded,  0 extracted, (1 MB/? MB)
19:00:27.536 [docker-java-stream--393858685] INFO tc.mongo:6.0 -- Pulling image layers:  2 pending,  7 downloaded,  0 extracted, (1 MB/? MB)
19:00:34.738 [docker-java-stream--393858685] INFO tc.mongo:6.0 -- Pulling image layers:  1 pending,  8 downloaded,  0 extracted, (80 MB/? MB)
19:00:35.337 [docker-java-stream--393858685] INFO tc.mongo:6.0 -- Pulling image layers:  1 pending,  9 downloaded,  0 extracted, (88 MB/? MB)
19:00:36.541 [docker-java-stream--393858685] INFO tc.mongo:6.0 -- Pulling image layers:  1 pending,  9 downloaded,  1 extracted, (101 MB/? MB)
19:00:36.641 [docker-java-stream--393858685] INFO tc.mongo:6.0 -- Pulling image layers:  1 pending,  9 downloaded,  2 extracted, (102 MB/? MB)
19:00:36.838 [docker-java-stream--393858685] INFO tc.mongo:6.0 -- Pulling image layers:  1 pending,  9 downloaded,  3 extracted, (105 MB/? MB)
19:00:36.839 [docker-java-stream--393858685] INFO tc.mongo:6.0 -- Pulling image layers:  1 pending,  9 downloaded,  4 extracted, (105 MB/? MB)
19:00:36.840 [docker-java-stream--393858685] INFO tc.mongo:6.0 -- Pulling image layers:  1 pending,  9 downloaded,  5 extracted, (105 MB/? MB)
19:00:36.936 [docker-java-stream--393858685] INFO tc.mongo:6.0 -- Pulling image layers:  1 pending,  9 downloaded,  6 extracted, (106 MB/? MB)
19:00:51.535 [docker-java-stream--393858685] INFO tc.mongo:6.0 -- Pulling image layers:  0 pending, 10 downloaded,  6 extracted, (259 MB/259 MB)
19:00:55.814 [docker-java-stream--393858685] INFO tc.mongo:6.0 -- Pulling image layers:  0 pending, 10 downloaded,  7 extracted, (259 MB/259 MB)
19:00:55.815 [docker-java-stream--393858685] INFO tc.mongo:6.0 -- Pulling image layers:  0 pending, 10 downloaded,  8 extracted, (259 MB/259 MB)
19:00:55.820 [main] INFO tc.mongo:6.0 -- Image mongo:6.0 pull took PT31.7940024S
19:00:55.820 [docker-java-stream--393858685] INFO tc.mongo:6.0 -- Pull complete. 10 layers, pulled in 30s (downloaded 259 MB at 8 MB/s)
19:00:55.876 [main] INFO tc.mongo:6.0 -- Creating container for image: mongo:6.0
19:00:57.535 [main] INFO tc.mongo:6.0 -- Container mongo:6.0 is starting: 44eb5c41c842c9d1a6288704a77a550c13b19d171cbfc6c6d2840321f0fc1098
19:00:58.543 [main] INFO tc.mongo:6.0 -- Container mongo:6.0 started in PT2.6673282S
19:01:00.122 [main] INFO org.springframework.test.context.support.AnnotationConfigContextLoaderUtils -- Could not detect default configuration classes for test class [com.example.demo.NearbyQueryIntegrationTest]: NearbyQueryIntegrationTest does not declare any static, non-private, non-final, nested classes annotated with @Configuration.
19:01:00.237 [main] INFO org.springframework.boot.test.context.SpringBootTestContextBootstrapper -- Found @SpringBootConfiguration com.example.demo.EcopointsP2Application for test class com.example.demo.NearbyQueryIntegrationTest

  .   ____          _            __ _ _
 /\\ / ___'_ __ _ _(_)_ __  __ _ \ \ \ \
( ( )\___ | '_ | '_| | '_ \/ _` | \ \ \ \
 \\/  ___)| |_)| | | | | || (_| |  ) ) ) )
  '  |____| .__|_| |_|_| |_\__, | / / / /
 =========|_|==============|___/=/_/_/_/

 :: Spring Boot ::                (v4.0.3)

2026-03-16T19:01:00.728+01:00  INFO 20836 --- [EcopointsP2] [           main] c.e.demo.NearbyQueryIntegrationTest      : Starting NearbyQueryIntegrationTest using Java 17.0.18 with PID 20836 (started by magnu in C:\Users\magnu\OneDrive\Dokumenter\GitHub\P2---Ecolink\EcopointsP2)
2026-03-16T19:01:00.730+01:00  INFO 20836 --- [EcopointsP2] [           main] c.e.demo.NearbyQueryIntegrationTest      : No active profile set, falling back to 1 default profile: "default"
2026-03-16T19:01:01.652+01:00  INFO 20836 --- [EcopointsP2] [           main] .s.d.r.c.RepositoryConfigurationDelegate : Bootstrapping Spring Data MongoDB repositories in DEFAULT mode.
2026-03-16T19:01:01.757+01:00  INFO 20836 --- [EcopointsP2] [           main] .s.d.r.c.RepositoryConfigurationDelegate : Finished Spring Data repository scanning in 93 ms. Found 1 MongoDB repository interface.
2026-03-16T19:01:02.329+01:00  INFO 20836 --- [EcopointsP2] [           main] org.mongodb.driver.client                : MongoClient with metadata {"driver": {"name": "mongo-java-driver|spring-boot|sync", "version": "5.6.3"}, "os": {"type": "Windows", "name": "Windows 11", "architecture": "amd64", "version": "10.0"}, "platform": "Java/Eclipse Adoptium/17.0.18+8"} created with settings MongoClientSettings{readPreference=primary, writeConcern=WriteConcern{w=null, wTimeout=null ms, journal=null}, retryWrites=true, retryReads=true, readConcern=ReadConcern{level=null}, credential=null, transportSettings=null, commandListeners=[], codecRegistry=ProvidersCodecRegistry{codecProviders=[ValueCodecProvider{}, BsonValueCodecProvider{}, DBRefCodecProvider{}, DBObjectCodecProvider{}, DocumentCodecProvider{}, CollectionCodecProvider{}, IterableCodecProvider{}, MapCodecProvider{}, GeoJsonCodecProvider{}, GridFSFileCodecProvider{}, Jsr310CodecProvider{}, JsonObjectCodecProvider{}, BsonCodecProvider{}, com.mongodb.client.model.mql.ExpressionCodecProvider@6fcc0a1, com.mongodb.Jep395RecordCodecProvider@416b681c, com.mongodb.KotlinCodecProvider@46d69ca4, EnumCodecProvider{}]}, loggerSettings=LoggerSettings{maxDocumentLength=1000}, clusterSettings={hosts=[localhost:27017], srvServiceName=mongodb, mode=SINGLE, requiredClusterType=UNKNOWN, requiredReplicaSetName='null', serverSelector='null', clusterListeners='[]', serverSelectionTimeout='30000 ms', localThreshold='15 ms'}, socketSettings=SocketSettings{connectTimeoutMS=10000, readTimeoutMS=0, receiveBufferSize=0, proxySettings=ProxySettings{host=null, port=null, username=null, password=null}}, heartbeatSocketSettings=SocketSettings{connectTimeoutMS=10000, readTimeoutMS=10000, receiveBufferSize=0, proxySettings=ProxySettings{host=null, port=null, username=null, password=null}}, connectionPoolSettings=ConnectionPoolSettings{maxSize=100, minSize=0, maxWaitTimeMS=120000, maxConnectionLifeTimeMS=0, maxConnectionIdleTimeMS=0, maintenanceInitialDelayMS=0, maintenanceFrequencyMS=60000, connectionPoolListeners=[], maxConnecting=2}, serverSettings=ServerSettings{heartbeatFrequencyMS=10000, minHeartbeatFrequencyMS=500, serverMonitoringMode=AUTO, serverListeners='[]', serverMonitorListeners='[]'}, sslSettings=SslSettings{enabled=false, invalidHostNameAllowed=false, context=null}, applicationName='null', compressorList=[], uuidRepresentation=UNSPECIFIED, serverApi=null, autoEncryptionSettings=null, dnsClient=null, inetAddressResolver=null, contextProvider=null, timeoutMS=null}
2026-03-16T19:01:02.357+01:00  INFO 20836 --- [EcopointsP2] [localhost:27017] org.mongodb.driver.cluster               : Monitor thread successfully connected to server with description ServerDescription{address=localhost:27017, type=STANDALONE, cryptd=false, state=CONNECTED, ok=true, minWireVersion=0, maxWireVersion=27, maxDocumentSize=16777216, logicalSessionTimeoutMinutes=30, roundTripTimeNanos=43064700, minRoundTripTimeNanos=0}
2026-03-16T19:01:02.977+01:00  WARN 20836 --- [EcopointsP2] [           main] .s.a.UserDetailsServiceAutoConfiguration : 

Using generated security password: d4f0e6d2-7088-4a5b-b34d-8ecde0bd0e55

This generated password is for development use only. Your security configuration must be updated before running your application in production.

2026-03-16T19:01:02.988+01:00  INFO 20836 --- [EcopointsP2] [           main] r$InitializeUserDetailsManagerConfigurer : Global AuthenticationManager configured with UserDetailsService bean with name inMemoryUserDetailsManager
2026-03-16T19:01:03.274+01:00  INFO 20836 --- [EcopointsP2] [           main] o.s.v.b.OptionalValidatorFactoryBean     : Failed to set up a Bean Validation provider: jakarta.validation.NoProviderFoundException: Unable to create a Configuration, because no Jakarta Validation provider could be found. Add a provider like Hibernate Validator (RI) to your classpath.
2026-03-16T19:01:03.752+01:00  INFO 20836 --- [EcopointsP2] [           main] c.e.demo.NearbyQueryIntegrationTest      : Started NearbyQueryIntegrationTest in 3.338 seconds (process running for 47.079)
Test container started
]]></system-out>
  </testcase>
</testsuite>